{
  "0 debug pnpm:scope": {
    "selected": 7,
    "total": 7,
    "workspacePrefix": "/archive/shared/projects/runtime-js/drizzle-txiki-module"
  },
  "1 debug pnpm:package-manifest": {
    "initial": {
      "name": "drizzle-orm",
      "version": "0.31.2",
      "description": "Drizzle ORM package for SQL databases",
      "type": "module",
      "scripts": {
        "build": "scripts/build.ts",
        "b": "pnpm build",
        "test:types": "cd type-tests && tsc",
        "test": "vitest run",
        "pack": "(cd dist && npm pack --pack-destination ..) && rm -f package.tgz && mv *.tgz package.tgz",
        "publish": "npm publish package.tgz"
      },
      "main": "./index.cjs",
      "module": "./index.js",
      "types": "./index.d.ts",
      "sideEffects": false,
      "publishConfig": {
        "provenance": true
      },
      "repository": {
        "type": "git",
        "url": "git+https://github.com/drizzle-team/drizzle-orm.git"
      },
      "homepage": "https://orm.drizzle.team",
      "keywords": [
        "drizzle",
        "orm",
        "pg",
        "mysql",
        "postgresql",
        "postgres",
        "sqlite",
        "database",
        "sql",
        "typescript",
        "ts",
        "drizzle-orm"
      ],
      "author": "Drizzle Team",
      "license": "Apache-2.0",
      "bugs": {
        "url": "https://github.com/drizzle-team/drizzle-orm/issues"
      },
      "peerDependencies": {
        "@aws-sdk/client-rds-data": ">=3",
        "@cloudflare/workers-types": ">=3",
        "@electric-sql/pglite": ">=0.1.1",
        "@libsql/client": "*",
        "@neondatabase/serverless": ">=0.1",
        "@op-engineering/op-sqlite": ">=2",
        "@opentelemetry/api": "^1.4.1",
        "@planetscale/database": ">=1",
        "@types/better-sqlite3": "*",
        "@types/pg": "*",
        "@types/react": ">=18",
        "@types/sql.js": "*",
        "@vercel/postgres": ">=0.8.0",
        "@xata.io/client": "*",
        "better-sqlite3": ">=7",
        "bun-types": "*",
        "expo-sqlite": ">=13.2.0",
        "knex": "*",
        "kysely": "*",
        "mysql2": ">=2",
        "pg": ">=8",
        "postgres": ">=3",
        "react": ">=18",
        "sql.js": ">=1",
        "sqlite3": ">=5",
        "@tidbcloud/serverless": "*",
        "@txikijs/types": "*"
      },
      "peerDependenciesMeta": {
        "mysql2": {
          "optional": true
        },
        "@vercel/postgres": {
          "optional": true
        },
        "@xata.io/client": {
          "optional": true
        },
        "better-sqlite3": {
          "optional": true
        },
        "@types/better-sqlite3": {
          "optional": true
        },
        "sqlite3": {
          "optional": true
        },
        "sql.js": {
          "optional": true
        },
        "@types/sql.js": {
          "optional": true
        },
        "@cloudflare/workers-types": {
          "optional": true
        },
        "pg": {
          "optional": true
        },
        "@types/pg": {
          "optional": true
        },
        "postgres": {
          "optional": true
        },
        "@neondatabase/serverless": {
          "optional": true
        },
        "bun-types": {
          "optional": true
        },
        "@aws-sdk/client-rds-data": {
          "optional": true
        },
        "@planetscale/database": {
          "optional": true
        },
        "knex": {
          "optional": true
        },
        "kysely": {
          "optional": true
        },
        "@libsql/client": {
          "optional": true
        },
        "@opentelemetry/api": {
          "optional": true
        },
        "expo-sqlite": {
          "optional": true
        },
        "@op-engineering/op-sqlite": {
          "optional": true
        },
        "react": {
          "optional": true
        },
        "@types/react": {
          "optional": true
        },
        "@electric-sql/pglite": {
          "optional": true
        },
        "@tidbcloud/serverless": {
          "optional": true
        },
        "@txikijs/types": {
          "optional": true
        }
      },
      "devDependencies": {
        "@aws-sdk/client-rds-data": "^3.549.0",
        "@cloudflare/workers-types": "^4.20230904.0",
        "@electric-sql/pglite": "^0.1.1",
        "@libsql/client": "^0.5.6",
        "@neondatabase/serverless": "^0.9.0",
        "@op-engineering/op-sqlite": "^2.0.16",
        "@opentelemetry/api": "^1.4.1",
        "@originjs/vite-plugin-commonjs": "^1.0.3",
        "@planetscale/database": "^1.16.0",
        "@tidbcloud/serverless": "^0.1.1",
        "@types/better-sqlite3": "^7.6.4",
        "@types/node": "^20.2.5",
        "@types/pg": "^8.10.1",
        "@types/react": "^18.2.45",
        "@types/sql.js": "^1.4.4",
        "@vercel/postgres": "^0.8.0",
        "@xata.io/client": "^0.29.3",
        "better-sqlite3": "^8.4.0",
        "bun-types": "^0.6.6",
        "cpy": "^10.1.0",
        "expo-sqlite": "^13.2.0",
        "knex": "^2.4.2",
        "kysely": "^0.25.0",
        "mysql2": "^3.3.3",
        "pg": "^8.11.0",
        "postgres": "^3.3.5",
        "react": "^18.2.0",
        "sql.js": "^1.8.0",
        "sqlite3": "^5.1.2",
        "tslib": "^2.5.2",
        "tsx": "^3.12.7",
        "vite-tsconfig-paths": "^4.2.0",
        "vitest": "^0.31.4",
        "zod": "^3.20.2",
        "zx": "^7.2.2",
        "@txikijs/types": "^24.6.0"
      }
    },
    "prefix": "/archive/shared/projects/runtime-js/drizzle-txiki-module/drizzle-orm"
  },
  "2 debug pnpm:package-manifest": {
    "initial": {
      "name": "drizzle-typebox",
      "version": "0.1.1",
      "description": "Generate Typebox schemas from Drizzle ORM schemas",
      "type": "module",
      "scripts": {
        "build": "tsx scripts/build.ts",
        "b": "pnpm build",
        "test:types": "cd tests && tsc",
        "pack": "(cd dist && npm pack --pack-destination ..) && rm -f package.tgz && mv *.tgz package.tgz",
        "publish": "npm publish package.tgz",
        "test": "NODE_OPTIONS='--loader=tsx --no-warnings' ava"
      },
      "exports": {
        ".": {
          "import": {
            "types": "./index.d.mts",
            "default": "./index.mjs"
          },
          "require": {
            "types": "./index.d.cjs",
            "default": "./index.cjs"
          },
          "types": "./index.d.ts",
          "default": "./index.mjs"
        }
      },
      "main": "./index.cjs",
      "module": "./index.mjs",
      "types": "./index.d.ts",
      "publishConfig": {
        "provenance": true
      },
      "repository": {
        "type": "git",
        "url": "git+https://github.com/drizzle-team/drizzle-orm.git"
      },
      "ava": {
        "files": [
          "tests/**/*.test.ts",
          "!tests/bun/**/*"
        ],
        "extensions": {
          "ts": "module"
        },
        "nodeArguments": [
          "--loader=tsx"
        ]
      },
      "keywords": [
        "typebox",
        "validate",
        "validation",
        "schema",
        "drizzle",
        "orm",
        "pg",
        "mysql",
        "postgresql",
        "postgres",
        "sqlite",
        "database",
        "sql",
        "typescript",
        "ts"
      ],
      "author": "Drizzle Team",
      "license": "Apache-2.0",
      "peerDependencies": {
        "@sinclair/typebox": ">=0.17.6",
        "drizzle-orm": ">=0.23.13"
      },
      "devDependencies": {
        "@rollup/plugin-terser": "^0.4.1",
        "@rollup/plugin-typescript": "^11.1.0",
        "@sinclair/typebox": "^0.29.6",
        "@types/node": "^18.15.10",
        "ava": "^5.1.0",
        "cpy": "^10.1.0",
        "drizzle-orm": "link:../drizzle-orm/dist",
        "rimraf": "^5.0.0",
        "rollup": "^3.20.7",
        "tsx": "^3.12.2",
        "zx": "^7.2.2"
      }
    },
    "prefix": "/archive/shared/projects/runtime-js/drizzle-txiki-module/drizzle-typebox"
  },
  "3 debug pnpm:package-manifest": {
    "initial": {
      "name": "drizzle-valibot",
      "version": "0.2.0",
      "description": "Generate valibot schemas from Drizzle ORM schemas",
      "type": "module",
      "scripts": {
        "build": "tsx scripts/build.ts",
        "b": "pnpm build",
        "test:types": "cd tests && tsc",
        "pack": "(cd dist && npm pack --pack-destination ..) && rm -f package.tgz && mv *.tgz package.tgz",
        "publish": "npm publish package.tgz",
        "test": "NODE_OPTIONS='--loader=tsx --no-warnings' ava"
      },
      "exports": {
        ".": {
          "import": {
            "types": "./index.d.mts",
            "default": "./index.mjs"
          },
          "require": {
            "types": "./index.d.cjs",
            "default": "./index.cjs"
          },
          "types": "./index.d.ts",
          "default": "./index.mjs"
        }
      },
      "main": "./index.cjs",
      "module": "./index.mjs",
      "types": "./index.d.ts",
      "publishConfig": {
        "provenance": true
      },
      "repository": {
        "type": "git",
        "url": "git+https://github.com/drizzle-team/drizzle-orm.git"
      },
      "ava": {
        "files": [
          "tests/**/*.test.ts",
          "!tests/bun/**/*"
        ],
        "extensions": {
          "ts": "module"
        },
        "nodeArguments": [
          "--loader=tsx"
        ]
      },
      "keywords": [
        "valibot",
        "validate",
        "validation",
        "schema",
        "drizzle",
        "orm",
        "pg",
        "mysql",
        "postgresql",
        "postgres",
        "sqlite",
        "database",
        "sql",
        "typescript",
        "ts"
      ],
      "author": "Drizzle Team",
      "license": "Apache-2.0",
      "peerDependencies": {
        "drizzle-orm": ">=0.23.13",
        "valibot": ">=0.20"
      },
      "devDependencies": {
        "@rollup/plugin-terser": "^0.4.1",
        "@rollup/plugin-typescript": "^11.1.0",
        "@types/node": "^18.15.10",
        "ava": "^5.1.0",
        "cpy": "^10.1.0",
        "drizzle-orm": "link:../drizzle-orm/dist",
        "rimraf": "^5.0.0",
        "rollup": "^3.20.7",
        "tsx": "^3.12.2",
        "valibot": "^0.30.0",
        "zx": "^7.2.2"
      }
    },
    "prefix": "/archive/shared/projects/runtime-js/drizzle-txiki-module/drizzle-valibot"
  },
  "4 debug pnpm:package-manifest": {
    "initial": {
      "name": "drizzle-zod",
      "version": "0.5.1",
      "description": "Generate Zod schemas from Drizzle ORM schemas",
      "type": "module",
      "scripts": {
        "build": "tsx scripts/build.ts",
        "b": "pnpm build",
        "test:types": "cd tests && tsc",
        "pack": "(cd dist && npm pack --pack-destination ..) && rm -f package.tgz && mv *.tgz package.tgz",
        "publish": "npm publish package.tgz",
        "test": "NODE_OPTIONS='--loader=tsx --no-warnings' ava"
      },
      "exports": {
        ".": {
          "import": {
            "types": "./index.d.mts",
            "default": "./index.mjs"
          },
          "require": {
            "types": "./index.d.cjs",
            "default": "./index.cjs"
          },
          "types": "./index.d.ts",
          "default": "./index.mjs"
        }
      },
      "main": "./index.cjs",
      "module": "./index.mjs",
      "types": "./index.d.ts",
      "publishConfig": {
        "provenance": true
      },
      "repository": {
        "type": "git",
        "url": "git+https://github.com/drizzle-team/drizzle-orm.git"
      },
      "ava": {
        "files": [
          "tests/**/*.test.ts",
          "!tests/bun/**/*"
        ],
        "extensions": {
          "ts": "module"
        },
        "nodeArguments": [
          "--loader=tsx"
        ]
      },
      "keywords": [
        "zod",
        "validate",
        "validation",
        "schema",
        "drizzle",
        "orm",
        "pg",
        "mysql",
        "postgresql",
        "postgres",
        "sqlite",
        "database",
        "sql",
        "typescript",
        "ts"
      ],
      "author": "Drizzle Team",
      "license": "Apache-2.0",
      "peerDependencies": {
        "drizzle-orm": ">=0.23.13",
        "zod": "*"
      },
      "devDependencies": {
        "@rollup/plugin-terser": "^0.4.1",
        "@rollup/plugin-typescript": "^11.1.0",
        "@types/node": "^18.15.10",
        "ava": "^5.1.0",
        "cpy": "^10.1.0",
        "drizzle-orm": "link:../drizzle-orm/dist",
        "rimraf": "^5.0.0",
        "rollup": "^3.20.7",
        "tsx": "^3.12.2",
        "zod": "^3.20.2",
        "zx": "^7.2.2"
      }
    },
    "prefix": "/archive/shared/projects/runtime-js/drizzle-txiki-module/drizzle-zod"
  },
  "5 debug pnpm:package-manifest": {
    "initial": {
      "name": "eslint-plugin-drizzle",
      "version": "0.2.3",
      "description": "Eslint plugin for drizzle users to avoid common pitfalls",
      "main": "src/index.js",
      "scripts": {
        "test": "vitest run",
        "build": "tsc -b && pnpm cpy readme.md dist/",
        "pack": "(cd dist && npm pack --pack-destination ..) && rm -f package.tgz && mv *.tgz package.tgz",
        "publish": "npm publish package.tgz"
      },
      "keywords": [
        "eslint",
        "eslintplugin",
        "eslint-plugin",
        "drizzle"
      ],
      "author": "Drizzle Team",
      "repository": {
        "type": "git",
        "url": "git+https://github.com/drizzle-team/drizzle-orm/tree/main/eslint-plugin-drizzle.git"
      },
      "license": "Apache-2.0",
      "devDependencies": {
        "@types/node": "^20.10.1",
        "@typescript-eslint/parser": "^6.10.0",
        "@typescript-eslint/rule-tester": "^6.10.0",
        "@typescript-eslint/utils": "^6.10.0",
        "cpy-cli": "^5.0.0",
        "eslint": "^8.53.0",
        "typescript": "^5.2.2",
        "vitest": "^0.34.6"
      },
      "peerDependencies": {
        "eslint": ">=8.0.0"
      }
    },
    "prefix": "/archive/shared/projects/runtime-js/drizzle-txiki-module/eslint-plugin-drizzle"
  },
  "6 debug pnpm:package-manifest": {
    "initial": {
      "name": "integration-tests",
      "version": "1.0.0",
      "description": "",
      "type": "module",
      "scripts": {
        "test:types": "tsc",
        "test": "pnpm test:ava && pnpm test:esm && pnpm test:rqb",
        "test:ava": "NODE_OPTIONS='--loader=tsx --no-warnings' ava tests --timeout=60s --serial",
        "test:rqb": "vitest run --no-threads",
        "test:esm": "node tests/imports.test.mjs && node tests/imports.test.cjs",
        "test:data-api": "sst shell vitest run tests/awsdatapi.test.ts"
      },
      "ava": {
        "files": [
          "tests/**/*.test.{ts,cts,mts,js,cjs,mjs}",
          "!tests/imports.test.mjs",
          "!tests/imports.test.cjs",
          "!tests/awsdatapi.alltypes.test.ts",
          "!tests/awsdatapi.test.ts",
          "!tests/planetscale-serverless/**/*.ts",
          "!tests/bun/**/*",
          "!tests/vercel-pg.test.ts",
          "!tests/relational/**/*",
          "!tests/libsql-batch.test.ts",
          "!tests/xata-http.test.ts",
          "!tests/d1-batch.test.ts",
          "!tests/sqlite-proxy-batch.test.ts",
          "!tests/neon-http-batch.test.ts",
          "!tests/neon-http.test.ts",
          "!tests/tidb-serverless.test.ts",
          "!tests/replicas/**/*",
          "!tests/imports/**/*",
          "!tests/extensions/**/*"
        ],
        "extensions": {
          "ts": "module"
        },
        "nodeArguments": [
          "--loader=tsx"
        ]
      },
      "keywords": [],
      "author": "Drizzle Team",
      "license": "Apache-2.0",
      "private": true,
      "devDependencies": {
        "@neondatabase/serverless": "0.9.0",
        "@originjs/vite-plugin-commonjs": "^1.0.3",
        "@types/axios": "^0.14.0",
        "@types/better-sqlite3": "^7.6.4",
        "@types/dockerode": "^3.3.18",
        "@types/express": "^4.17.16",
        "@types/node": "^20.2.5",
        "@types/pg": "^8.10.1",
        "@types/sql.js": "^1.4.4",
        "@types/uuid": "^9.0.1",
        "@vitest/ui": "^0.31.4",
        "ava": "^5.3.0",
        "axios": "^1.4.0",
        "tsx": "^3.12.7",
        "vite": "^4.3.9",
        "vite-tsconfig-paths": "^4.2.0",
        "zx": "^7.2.2"
      },
      "dependencies": {
        "@aws-sdk/client-rds-data": "^3.549.0",
        "@aws-sdk/credential-providers": "^3.549.0",
        "@electric-sql/pglite": "^0.1.1",
        "@libsql/client": "^0.5.6",
        "@miniflare/d1": "^2.14.2",
        "@miniflare/shared": "^2.14.2",
        "@planetscale/database": "^1.16.0",
        "@tidbcloud/serverless": "^0.1.1",
        "@typescript/analyze-trace": "^0.10.0",
        "@vercel/postgres": "^0.3.0",
        "@xata.io/client": "^0.29.3",
        "better-sqlite3": "^8.4.0",
        "dockerode": "^3.3.4",
        "dotenv": "^16.1.4",
        "drizzle-typebox": "workspace:../drizzle-typebox/dist",
        "drizzle-valibot": "workspace:../drizzle-valibot/dist",
        "drizzle-zod": "workspace:../drizzle-zod/dist",
        "express": "^4.18.2",
        "get-port": "^7.0.0",
        "mysql2": "^3.3.3",
        "pg": "^8.11.0",
        "postgres": "^3.3.5",
        "source-map-support": "^0.5.21",
        "sql.js": "^1.8.0",
        "sqlite3": "^5.1.4",
        "sst": "^3.0.4",
        "uuid": "^9.0.0",
        "uvu": "^0.5.6",
        "vitest": "^0.31.4",
        "zod": "^3.20.2"
      }
    },
    "prefix": "/archive/shared/projects/runtime-js/drizzle-txiki-module/integration-tests"
  },
  "7 debug pnpm:package-manifest": {
    "initial": {
      "private": true,
      "scripts": {
        "build:orm": "turbo run build --filter drizzle-orm --color",
        "build": "turbo run build test:types //#lint --color",
        "b": "pnpm build",
        "pack": "turbo run pack --color",
        "test": "turbo run test --color",
        "t": "pnpm test",
        "test:types": "turbo run test:types --color",
        "lint": "concurrently -n eslint,dprint \"eslint --ext ts .\" \"dprint check --list-different\""
      },
      "devDependencies": {
        "@arethetypeswrong/cli": "^0.12.1",
        "@trivago/prettier-plugin-sort-imports": "^4.2.0",
        "@typescript-eslint/eslint-plugin": "^6.7.3",
        "@typescript-eslint/experimental-utils": "^5.62.0",
        "@typescript-eslint/parser": "^6.7.3",
        "bun-types": "^1.0.3",
        "concurrently": "^8.2.1",
        "dprint": "^0.45.0",
        "drizzle-kit": "^0.19.13",
        "drizzle-orm": "workspace:./drizzle-orm/dist",
        "drizzle-orm-old": "npm:drizzle-orm@^0.27.2",
        "eslint": "^8.50.0",
        "eslint-plugin-drizzle": "link:eslint/eslint-plugin-drizzle",
        "eslint-plugin-import": "^2.28.1",
        "eslint-plugin-no-instanceof": "^1.0.1",
        "eslint-plugin-unicorn": "^48.0.1",
        "eslint-plugin-unused-imports": "^3.0.0",
        "glob": "^10.3.10",
        "prettier": "^3.0.3",
        "recast": "^0.23.4",
        "resolve-tspaths": "^0.8.16",
        "tsup": "^7.2.0",
        "turbo": "^1.10.14",
        "typescript": "5.2.2"
      },
      "pnpm": {
        "patchedDependencies": {
          "typescript@5.2.2": "patches/typescript@5.2.2.patch"
        }
      }
    },
    "prefix": "/archive/shared/projects/runtime-js/drizzle-txiki-module"
  },
  "8 debug pnpm:context": {
    "currentLockfileExists": false,
    "storeDir": "/archive/shared/.pnpm-store/v3",
    "virtualStoreDir": "/archive/shared/projects/runtime-js/drizzle-txiki-module/node_modules/.pnpm"
  },
  "9 debug pnpm:stage": {
    "prefix": "/archive/shared/projects/runtime-js/drizzle-txiki-module",
    "stage": "resolution_started"
  },
  "10 debug pnpm:_dependency_resolved": {
    "resolution": "registry.npmjs.org/@types/better-sqlite3/7.6.10",
    "wanted": {
      "dependentId": "drizzle-orm",
      "name": "@types/better-sqlite3",
      "rawSpec": "^7.6.4"
    }
  },
  "11 debug pnpm:progress": {
    "packageId": "registry.npmjs.org/@types/better-sqlite3/7.6.10",
    "requester": "/archive/shared/projects/runtime-js/drizzle-txiki-module",
    "status": "resolved"
  },
  "12 debug pnpm:_dependency_resolved": {
    "resolution": "registry.npmjs.org/@tidbcloud/serverless/0.1.1",
    "wanted": {
      "dependentId": "drizzle-orm",
      "name": "@tidbcloud/serverless",
      "rawSpec": "^0.1.1"
    }
  },
  "13 debug pnpm:progress": {
    "packageId": "registry.npmjs.org/@tidbcloud/serverless/0.1.1",
    "requester": "/archive/shared/projects/runtime-js/drizzle-txiki-module",
    "status": "resolved"
  },
  "14 debug pnpm:progress": {
    "packageId": "registry.npmjs.org/@types/better-sqlite3/7.6.10",
    "requester": "/archive/shared/projects/runtime-js/drizzle-txiki-module",
    "status": "found_in_store"
  },
  "15 debug pnpm:progress": {
    "packageId": "registry.npmjs.org/@tidbcloud/serverless/0.1.1",
    "requester": "/archive/shared/projects/runtime-js/drizzle-txiki-module",
    "status": "found_in_store"
  },
  "16 debug pnpm:_dependency_resolved": {
    "resolution": "registry.npmjs.org/@electric-sql/pglite/0.1.5",
    "wanted": {
      "dependentId": "drizzle-orm",
      "name": "@electric-sql/pglite",
      "rawSpec": "^0.1.1"
    }
  },
  "17 debug pnpm:progress": {
    "packageId": "registry.npmjs.org/@electric-sql/pglite/0.1.5",
    "requester": "/archive/shared/projects/runtime-js/drizzle-txiki-module",
    "status": "resolved"
  },
  "18 debug pnpm:_dependency_resolved": {
    "resolution": "registry.npmjs.org/@originjs/vite-plugin-commonjs/1.0.3",
    "wanted": {
      "dependentId": "drizzle-orm",
      "name": "@originjs/vite-plugin-commonjs",
      "rawSpec": "^1.0.3"
    }
  },
  "19 debug pnpm:progress": {
    "packageId": "registry.npmjs.org/@originjs/vite-plugin-commonjs/1.0.3",
    "requester": "/archive/shared/projects/runtime-js/drizzle-txiki-module",
    "status": "resolved"
  },
  "20 debug pnpm:progress": {
    "packageId": "registry.npmjs.org/@originjs/vite-plugin-commonjs/1.0.3",
    "requester": "/archive/shared/projects/runtime-js/drizzle-txiki-module",
    "status": "found_in_store"
  },
  "21 debug pnpm:_dependency_resolved": {
    "resolution": "registry.npmjs.org/@types/sql.js/1.4.9",
    "wanted": {
      "dependentId": "drizzle-orm",
      "name": "@types/sql.js",
      "rawSpec": "^1.4.4"
    }
  },
  "22 debug pnpm:progress": {
    "packageId": "registry.npmjs.org/@types/sql.js/1.4.9",
    "requester": "/archive/shared/projects/runtime-js/drizzle-txiki-module",
    "status": "resolved"
  },
  "23 debug pnpm:progress": {
    "packageId": "registry.npmjs.org/@types/sql.js/1.4.9",
    "requester": "/archive/shared/projects/runtime-js/drizzle-txiki-module",
    "status": "found_in_store"
  },
  "24 debug pnpm:_dependency_resolved": {
    "resolution": "registry.npmjs.org/@types/pg/8.11.6",
    "wanted": {
      "dependentId": "drizzle-orm",
      "name": "@types/pg",
      "rawSpec": "^8.10.1"
    }
  },
  "25 debug pnpm:progress": {
    "packageId": "registry.npmjs.org/@types/pg/8.11.6",
    "requester": "/archive/shared/projects/runtime-js/drizzle-txiki-module",
    "status": "resolved"
  },
  "26 debug pnpm:progress": {
    "packageId": "registry.npmjs.org/@types/pg/8.11.6",
    "requester": "/archive/shared/projects/runtime-js/drizzle-txiki-module",
    "status": "found_in_store"
  },
  "27 debug pnpm:_dependency_resolved": {
    "resolution": "registry.npmjs.org/@libsql/client/0.5.6",
    "wanted": {
      "dependentId": "drizzle-orm",
      "name": "@libsql/client",
      "rawSpec": "^0.5.6"
    }
  },
  "28 debug pnpm:progress": {
    "packageId": "registry.npmjs.org/@libsql/client/0.5.6",
    "requester": "/archive/shared/projects/runtime-js/drizzle-txiki-module",
    "status": "resolved"
  },
  "29 debug pnpm:progress": {
    "packageId": "registry.npmjs.org/@libsql/client/0.5.6",
    "requester": "/archive/shared/projects/runtime-js/drizzle-txiki-module",
    "status": "found_in_store"
  },
  "30 debug pnpm:_dependency_resolved": {
    "resolution": "registry.npmjs.org/@neondatabase/serverless/0.9.3",
    "wanted": {
      "dependentId": "drizzle-orm",
      "name": "@neondatabase/serverless",
      "rawSpec": "^0.9.0"
    }
  },
  "31 debug pnpm:progress": {
    "packageId": "registry.npmjs.org/@neondatabase/serverless/0.9.3",
    "requester": "/archive/shared/projects/runtime-js/drizzle-txiki-module",
    "status": "resolved"
  },
  "32 debug pnpm:progress": {
    "packageId": "registry.npmjs.org/@neondatabase/serverless/0.9.3",
    "requester": "/archive/shared/projects/runtime-js/drizzle-txiki-module",
    "status": "found_in_store"
  },
  "33 debug pnpm:_dependency_resolved": {
    "resolution": "registry.npmjs.org/@planetscale/database/1.18.0",
    "wanted": {
      "dependentId": "drizzle-orm",
      "name": "@planetscale/database",
      "rawSpec": "^1.16.0"
    }
  },
  "34 debug pnpm:progress": {
    "packageId": "registry.npmjs.org/@planetscale/database/1.18.0",
    "requester": "/archive/shared/projects/runtime-js/drizzle-txiki-module",
    "status": "resolved"
  },
  "35 debug pnpm:progress": {
    "packageId": "registry.npmjs.org/@planetscale/database/1.18.0",
    "requester": "/archive/shared/projects/runtime-js/drizzle-txiki-module",
    "status": "found_in_store"
  },
  "36 debug pnpm:_dependency_resolved": {
    "resolution": "registry.npmjs.org/@vercel/postgres/0.8.0",
    "wanted": {
      "dependentId": "drizzle-orm",
      "name": "@vercel/postgres",
      "rawSpec": "^0.8.0"
    }
  },
  "37 debug pnpm:progress": {
    "packageId": "registry.npmjs.org/@vercel/postgres/0.8.0",
    "requester": "/archive/shared/projects/runtime-js/drizzle-txiki-module",
    "status": "resolved"
  },
  "38 debug pnpm:progress": {
    "packageId": "registry.npmjs.org/@vercel/postgres/0.8.0",
    "requester": "/archive/shared/projects/runtime-js/drizzle-txiki-module",
    "status": "found_in_store"
  },
  "39 debug pnpm:_dependency_resolved": {
    "resolution": "registry.npmjs.org/@cloudflare/workers-types/4.20240620.0",
    "wanted": {
      "dependentId": "drizzle-orm",
      "name": "@cloudflare/workers-types",
      "rawSpec": "^4.20230904.0"
    }
  },
  "40 debug pnpm:progress": {
    "packageId": "registry.npmjs.org/@cloudflare/workers-types/4.20240620.0",
    "requester": "/archive/shared/projects/runtime-js/drizzle-txiki-module",
    "status": "resolved"
  },
  "41 debug pnpm:progress": {
    "packageId": "registry.npmjs.org/@cloudflare/workers-types/4.20240620.0",
    "requester": "/archive/shared/projects/runtime-js/drizzle-txiki-module",
    "status": "found_in_store"
  },
  "42 debug pnpm:_dependency_resolved": {
    "resolution": "registry.npmjs.org/cpy/10.1.0",
    "wanted": {
      "dependentId": "drizzle-orm",
      "name": "cpy",
      "rawSpec": "^10.1.0"
    }
  },
  "43 debug pnpm:progress": {
    "packageId": "registry.npmjs.org/cpy/10.1.0",
    "requester": "/archive/shared/projects/runtime-js/drizzle-txiki-module",
    "status": "resolved"
  },
  "44 debug pnpm:progress": {
    "packageId": "registry.npmjs.org/cpy/10.1.0",
    "requester": "/archive/shared/projects/runtime-js/drizzle-txiki-module",
    "status": "found_in_store"
  },
  "45 debug pnpm:fetching-progress": {
    "attempt": 1,
    "packageId": "registry.npmjs.org/@electric-sql/pglite/0.1.5",
    "size": 2612105,
    "status": "started"
  },
  "46 debug pnpm:_dependency_resolved": {
    "resolution": "registry.npmjs.org/expo-sqlite/13.4.0",
    "wanted": {
      "dependentId": "drizzle-orm",
      "name": "expo-sqlite",
      "rawSpec": "^13.2.0"
    }
  },
  "47 debug pnpm:progress": {
    "packageId": "registry.npmjs.org/expo-sqlite/13.4.0",
    "requester": "/archive/shared/projects/runtime-js/drizzle-txiki-module",
    "status": "resolved"
  },
  "48 debug pnpm:_dependency_resolved": {
    "resolution": "registry.npmjs.org/postgres/3.4.4",
    "wanted": {
      "dependentId": "drizzle-orm",
      "name": "postgres",
      "rawSpec": "^3.3.5"
    }
  },
  "49 debug pnpm:progress": {
    "packageId": "registry.npmjs.org/postgres/3.4.4",
    "requester": "/archive/shared/projects/runtime-js/drizzle-txiki-module",
    "status": "resolved"
  },
  "50 debug pnpm:progress": {
    "packageId": "registry.npmjs.org/postgres/3.4.4",
    "requester": "/archive/shared/projects/runtime-js/drizzle-txiki-module",
    "status": "found_in_store"
  },
  "51 debug pnpm:fetching-progress": {
    "attempt": 1,
    "packageId": "registry.npmjs.org/expo-sqlite/13.4.0",
    "size": 3050436,
    "status": "started"
  },
  "52 debug pnpm:_dependency_resolved": {
    "resolution": "registry.npmjs.org/@types/react/18.3.3",
    "wanted": {
      "dependentId": "drizzle-orm",
      "name": "@types/react",
      "rawSpec": "^18.2.45"
    }
  },
  "53 debug pnpm:progress": {
    "packageId": "registry.npmjs.org/@types/react/18.3.3",
    "requester": "/archive/shared/projects/runtime-js/drizzle-txiki-module",
    "status": "resolved"
  },
  "54 debug pnpm:_dependency_resolved": {
    "resolution": "registry.npmjs.org/@op-engineering/op-sqlite/2.0.22",
    "wanted": {
      "dependentId": "drizzle-orm",
      "name": "@op-engineering/op-sqlite",
      "rawSpec": "^2.0.16"
    }
  },
  "55 debug pnpm:progress": {
    "packageId": "registry.npmjs.org/@op-engineering/op-sqlite/2.0.22",
    "requester": "/archive/shared/projects/runtime-js/drizzle-txiki-module",
    "status": "resolved"
  },
  "56 debug pnpm:progress": {
    "packageId": "registry.npmjs.org/@types/react/18.3.3",
    "requester": "/archive/shared/projects/runtime-js/drizzle-txiki-module",
    "status": "found_in_store"
  },
  "57 debug pnpm:_dependency_resolved": {
    "resolution": "registry.npmjs.org/sql.js/1.10.3",
    "wanted": {
      "dependentId": "drizzle-orm",
      "name": "sql.js",
      "rawSpec": "^1.8.0"
    }
  },
  "58 debug pnpm:progress": {
    "packageId": "registry.npmjs.org/sql.js/1.10.3",
    "requester": "/archive/shared/projects/runtime-js/drizzle-txiki-module",
    "status": "resolved"
  },
  "59 debug pnpm:_dependency_resolved": {
    "resolution": "registry.npmjs.org/pg/8.12.0",
    "wanted": {
      "dependentId": "drizzle-orm",
      "name": "pg",
      "rawSpec": "^8.11.0"
    }
  },
  "60 debug pnpm:progress": {
    "packageId": "registry.npmjs.org/pg/8.12.0",
    "requester": "/archive/shared/projects/runtime-js/drizzle-txiki-module",
    "status": "resolved"
  },
  "61 debug pnpm:progress": {
    "packageId": "registry.npmjs.org/pg/8.12.0",
    "requester": "/archive/shared/projects/runtime-js/drizzle-txiki-module",
    "status": "found_in_store"
  },
  "62 debug pnpm:_dependency_resolved": {
    "resolution": "registry.npmjs.org/tslib/2.6.3",
    "wanted": {
      "dependentId": "drizzle-orm",
      "name": "tslib",
      "rawSpec": "^2.5.2"
    }
  },
  "63 debug pnpm:progress": {
    "packageId": "registry.npmjs.org/tslib/2.6.3",
    "requester": "/archive/shared/projects/runtime-js/drizzle-txiki-module",
    "status": "resolved"
  },
  "64 debug pnpm:progress": {
    "packageId": "registry.npmjs.org/tslib/2.6.3",
    "requester": "/archive/shared/projects/runtime-js/drizzle-txiki-module",
    "status": "found_in_store"
  },
  "65 debug pnpm:_dependency_resolved": {
    "resolution": "registry.npmjs.org/mysql2/3.10.1",
    "wanted": {
      "dependentId": "drizzle-orm",
      "name": "mysql2",
      "rawSpec": "^3.3.3"
    }
  },
  "66 debug pnpm:progress": {
    "packageId": "registry.npmjs.org/mysql2/3.10.1",
    "requester": "/archive/shared/projects/runtime-js/drizzle-txiki-module",
    "status": "resolved"
  },
  "67 debug pnpm:progress": {
    "packageId": "registry.npmjs.org/mysql2/3.10.1",
    "requester": "/archive/shared/projects/runtime-js/drizzle-txiki-module",
    "status": "found_in_store"
  },
  "68 debug pnpm:fetching-progress": {
    "attempt": 1,
    "packageId": "registry.npmjs.org/@op-engineering/op-sqlite/2.0.22",
    "size": 2509137,
    "status": "started"
  },
  "69 debug pnpm:_dependency_resolved": {
    "resolution": "registry.npmjs.org/kysely/0.25.0",
    "wanted": {
      "dependentId": "drizzle-orm",
      "name": "kysely",
      "rawSpec": "^0.25.0"
    }
  },
  "70 debug pnpm:progress": {
    "packageId": "registry.npmjs.org/kysely/0.25.0",
    "requester": "/archive/shared/projects/runtime-js/drizzle-txiki-module",
    "status": "resolved"
  },
  "71 debug pnpm:_dependency_resolved": {
    "resolution": "registry.npmjs.org/bun-types/0.6.14",
    "wanted": {
      "dependentId": "drizzle-orm",
      "name": "bun-types",
      "rawSpec": "^0.6.6"
    }
  },
  "72 debug pnpm:progress": {
    "packageId": "registry.npmjs.org/bun-types/0.6.14",
    "requester": "/archive/shared/projects/runtime-js/drizzle-txiki-module",
    "status": "resolved"
  },
  "73 debug pnpm:progress": {
    "packageId": "registry.npmjs.org/kysely/0.25.0",
    "requester": "/archive/shared/projects/runtime-js/drizzle-txiki-module",
    "status": "found_in_store"
  },
  "74 debug pnpm:progress": {
    "packageId": "registry.npmjs.org/bun-types/0.6.14",
    "requester": "/archive/shared/projects/runtime-js/drizzle-txiki-module",
    "status": "found_in_store"
  },
  "75 debug pnpm:fetching-progress": {
    "attempt": 1,
    "packageId": "registry.npmjs.org/sql.js/1.10.3",
    "size": 7881018,
    "status": "started"
  },
  "76 debug pnpm:fetching-progress": {
    "downloaded": 15936,
    "packageId": "registry.npmjs.org/sql.js/1.10.3",
    "status": "in_progress"
  },
  "77 debug pnpm:_dependency_resolved": {
    "resolution": "registry.npmjs.org/@opentelemetry/api/1.9.0",
    "wanted": {
      "dependentId": "drizzle-orm",
      "name": "@opentelemetry/api",
      "rawSpec": "^1.4.1"
    }
  },
  "78 debug pnpm:progress": {
    "packageId": "registry.npmjs.org/@opentelemetry/api/1.9.0",
    "requester": "/archive/shared/projects/runtime-js/drizzle-txiki-module",
    "status": "resolved"
  },
  "79 debug pnpm:fetching-progress": {
    "downloaded": 32231,
    "packageId": "registry.npmjs.org/sql.js/1.10.3",
    "status": "in_progress"
  },
  "80 debug pnpm:progress": {
    "packageId": "registry.npmjs.org/@opentelemetry/api/1.9.0",
    "requester": "/archive/shared/projects/runtime-js/drizzle-txiki-module",
    "status": "found_in_store"
  },
  "81 debug pnpm:fetching-progress": {
    "downloaded": 48615,
    "packageId": "registry.npmjs.org/sql.js/1.10.3",
    "status": "in_progress"
  },
  "82 debug pnpm:fetching-progress": {
    "downloaded": 64999,
    "packageId": "registry.npmjs.org/sql.js/1.10.3",
    "status": "in_progress"
  },
  "83 debug pnpm:_dependency_resolved": {
    "resolution": "registry.npmjs.org/better-sqlite3/8.7.0",
    "wanted": {
      "dependentId": "drizzle-orm",
      "name": "better-sqlite3",
      "rawSpec": "^8.4.0"
    }
  },
  "84 debug pnpm:progress": {
    "packageId": "registry.npmjs.org/better-sqlite3/8.7.0",
    "requester": "/archive/shared/projects/runtime-js/drizzle-txiki-module",
    "status": "resolved"
  },
  "85 debug pnpm:progress": {
    "packageId": "registry.npmjs.org/better-sqlite3/8.7.0",
    "requester": "/archive/shared/projects/runtime-js/drizzle-txiki-module",
    "status": "found_in_store"
  },
  "86 debug pnpm:_dependency_resolved": {
    "resolution": "registry.npmjs.org/knex/2.5.1",
    "wanted": {
      "dependentId": "drizzle-orm",
      "name": "knex",
      "rawSpec": "^2.4.2"
    }
  },
  "87 debug pnpm:progress": {
    "packageId": "registry.npmjs.org/knex/2.5.1",
    "requester": "/archive/shared/projects/runtime-js/drizzle-txiki-module",
    "status": "resolved"
  },
  "88 debug pnpm:progress": {
    "packageId": "registry.npmjs.org/knex/2.5.1",
    "requester": "/archive/shared/projects/runtime-js/drizzle-txiki-module",
    "status": "found_in_store"
  },
  "89 debug pnpm:_dependency_resolved": {
    "resolution": "registry.npmjs.org/tsx/3.14.0",
    "wanted": {
      "dependentId": "drizzle-orm",
      "name": "tsx",
      "rawSpec": "^3.12.7"
    }
  },
  "90 debug pnpm:progress": {
    "packageId": "registry.npmjs.org/tsx/3.14.0",
    "requester": "/archive/shared/projects/runtime-js/drizzle-txiki-module",
    "status": "resolved"
  },
  "91 debug pnpm:progress": {
    "packageId": "registry.npmjs.org/tsx/3.14.0",
    "requester": "/archive/shared/projects/runtime-js/drizzle-txiki-module",
    "status": "found_in_store"
  },
  "92 debug pnpm:fetching-progress": {
    "downloaded": 81383,
    "packageId": "registry.npmjs.org/sql.js/1.10.3",
    "status": "in_progress"
  },
  "93 debug pnpm:fetching-progress": {
    "downloaded": 97767,
    "packageId": "registry.npmjs.org/sql.js/1.10.3",
    "status": "in_progress"
  },
  "94 debug pnpm:fetching-progress": {
    "downloaded": 114151,
    "packageId": "registry.npmjs.org/sql.js/1.10.3",
    "status": "in_progress"
  },
  "95 debug pnpm:fetching-progress": {
    "downloaded": 130535,
    "packageId": "registry.npmjs.org/sql.js/1.10.3",
    "status": "in_progress"
  },
  "96 debug pnpm:fetching-progress": {
    "downloaded": 146919,
    "packageId": "registry.npmjs.org/sql.js/1.10.3",
    "status": "in_progress"
  },
  "97 debug pnpm:fetching-progress": {
    "downloaded": 163303,
    "packageId": "registry.npmjs.org/sql.js/1.10.3",
    "status": "in_progress"
  },
  "98 debug pnpm:fetching-progress": {
    "downloaded": 179687,
    "packageId": "registry.npmjs.org/sql.js/1.10.3",
    "status": "in_progress"
  },
  "99 debug pnpm:fetching-progress": {
    "downloaded": 196071,
    "packageId": "registry.npmjs.org/sql.js/1.10.3",
    "status": "in_progress"
  },
  "100 debug pnpm:fetching-progress": {
    "downloaded": 212455,
    "packageId": "registry.npmjs.org/sql.js/1.10.3",
    "status": "in_progress"
  },
  "101 debug pnpm:fetching-progress": {
    "downloaded": 228839,
    "packageId": "registry.npmjs.org/sql.js/1.10.3",
    "status": "in_progress"
  },
  "102 debug pnpm:fetching-progress": {
    "downloaded": 245223,
    "packageId": "registry.npmjs.org/sql.js/1.10.3",
    "status": "in_progress"
  },
  "103 debug pnpm:fetching-progress": {
    "downloaded": 261607,
    "packageId": "registry.npmjs.org/sql.js/1.10.3",
    "status": "in_progress"
  },
  "104 debug pnpm:fetching-progress": {
    "downloaded": 277991,
    "packageId": "registry.npmjs.org/sql.js/1.10.3",
    "status": "in_progress"
  },
  "105 debug pnpm:_dependency_resolved": {
    "resolution": "registry.npmjs.org/@rollup/plugin-typescript/11.1.6",
    "wanted": {
      "dependentId": "drizzle-typebox",
      "name": "@rollup/plugin-typescript",
      "rawSpec": "^11.1.0"
    }
  },
  "106 debug pnpm:progress": {
    "packageId": "registry.npmjs.org/@rollup/plugin-typescript/11.1.6",
    "requester": "/archive/shared/projects/runtime-js/drizzle-txiki-module",
    "status": "resolved"
  },
  "107 debug pnpm:_dependency_resolved": {
    "resolution": "registry.npmjs.org/@aws-sdk/client-rds-data/3.600.0",
    "wanted": {
      "dependentId": "drizzle-orm",
      "name": "@aws-sdk/client-rds-data",
      "rawSpec": "^3.549.0"
    }
  },
  "108 debug pnpm:progress": {
    "packageId": "registry.npmjs.org/@aws-sdk/client-rds-data/3.600.0",
    "requester": "/archive/shared/projects/runtime-js/drizzle-txiki-module",
    "status": "resolved"
  },
  "109 debug pnpm:progress": {
    "packageId": "registry.npmjs.org/@aws-sdk/client-rds-data/3.600.0",
    "requester": "/archive/shared/projects/runtime-js/drizzle-txiki-module",
    "status": "found_in_store"
  },
  "110 debug pnpm:fetching-progress": {
    "downloaded": 294375,
    "packageId": "registry.npmjs.org/sql.js/1.10.3",
    "status": "in_progress"
  },
  "111 debug pnpm:fetching-progress": {
    "downloaded": 310759,
    "packageId": "registry.npmjs.org/sql.js/1.10.3",
    "status": "in_progress"
  },
  "112 debug pnpm:fetching-progress": {
    "downloaded": 327143,
    "packageId": "registry.npmjs.org/sql.js/1.10.3",
    "status": "in_progress"
  },
  "113 debug pnpm:fetching-progress": {
    "downloaded": 343527,
    "packageId": "registry.npmjs.org/sql.js/1.10.3",
    "status": "in_progress"
  },
  "114 debug pnpm:fetching-progress": {
    "downloaded": 359911,
    "packageId": "registry.npmjs.org/sql.js/1.10.3",
    "status": "in_progress"
  },
  "115 debug pnpm:fetching-progress": {
    "downloaded": 376295,
    "packageId": "registry.npmjs.org/sql.js/1.10.3",
    "status": "in_progress"
  },
  "116 debug pnpm:fetching-progress": {
    "downloaded": 392679,
    "packageId": "registry.npmjs.org/sql.js/1.10.3",
    "status": "in_progress"
  },
  "117 debug pnpm:fetching-progress": {
    "downloaded": 409063,
    "packageId": "registry.npmjs.org/sql.js/1.10.3",
    "status": "in_progress"
  },
  "118 debug pnpm:fetching-progress": {
    "downloaded": 425447,
    "packageId": "registry.npmjs.org/sql.js/1.10.3",
    "status": "in_progress"
  },
  "119 debug pnpm:fetching-progress": {
    "downloaded": 441831,
    "packageId": "registry.npmjs.org/sql.js/1.10.3",
    "status": "in_progress"
  },
  "120 debug pnpm:fetching-progress": {
    "downloaded": 458215,
    "packageId": "registry.npmjs.org/sql.js/1.10.3",
    "status": "in_progress"
  },
  "121 debug pnpm:fetching-progress": {
    "downloaded": 474599,
    "packageId": "registry.npmjs.org/sql.js/1.10.3",
    "status": "in_progress"
  },
  "122 debug pnpm:_dependency_resolved": {
    "resolution": "registry.npmjs.org/vite-tsconfig-paths/4.3.2",
    "wanted": {
      "dependentId": "drizzle-orm",
      "name": "vite-tsconfig-paths",
      "rawSpec": "^4.2.0"
    }
  },
  "123 debug pnpm:progress": {
    "packageId": "registry.npmjs.org/vite-tsconfig-paths/4.3.2",
    "requester": "/archive/shared/projects/runtime-js/drizzle-txiki-module",
    "status": "resolved"
  },
  "124 debug pnpm:progress": {
    "packageId": "registry.npmjs.org/vite-tsconfig-paths/4.3.2",
    "requester": "/archive/shared/projects/runtime-js/drizzle-txiki-module",
    "status": "found_in_store"
  },
  "125 debug pnpm:fetching-progress": {
    "downloaded": 490983,
    "packageId": "registry.npmjs.org/sql.js/1.10.3",
    "status": "in_progress"
  },
  "126 debug pnpm:_dependency_resolved": {
    "resolution": "registry.npmjs.org/sqlite3/5.1.7",
    "wanted": {
      "dependentId": "drizzle-orm",
      "name": "sqlite3",
      "rawSpec": "^5.1.2"
    }
  },
  "127 debug pnpm:progress": {
    "packageId": "registry.npmjs.org/sqlite3/5.1.7",
    "requester": "/archive/shared/projects/runtime-js/drizzle-txiki-module",
    "status": "resolved"
  },
  "128 debug pnpm:_dependency_resolved": {
    "resolution": "registry.npmjs.org/@rollup/plugin-terser/0.4.4",
    "wanted": {
      "dependentId": "drizzle-typebox",
      "name": "@rollup/plugin-terser",
      "rawSpec": "^0.4.1"
    }
  },
  "129 debug pnpm:progress": {
    "packageId": "registry.npmjs.org/@rollup/plugin-terser/0.4.4",
    "requester": "/archive/shared/projects/runtime-js/drizzle-txiki-module",
    "status": "resolved"
  },
  "130 debug pnpm:progress": {
    "packageId": "registry.npmjs.org/@rollup/plugin-terser/0.4.4",
    "requester": "/archive/shared/projects/runtime-js/drizzle-txiki-module",
    "status": "found_in_store"
  },
  "131 debug pnpm:_dependency_resolved": {
    "resolution": "registry.npmjs.org/zod/3.23.8",
    "wanted": {
      "dependentId": "drizzle-orm",
      "name": "zod",
      "rawSpec": "^3.20.2"
    }
  },
  "132 debug pnpm:progress": {
    "packageId": "registry.npmjs.org/zod/3.23.8",
    "requester": "/archive/shared/projects/runtime-js/drizzle-txiki-module",
    "status": "resolved"
  },
  "133 debug pnpm:_dependency_resolved": {
    "resolution": "registry.npmjs.org/cpy/10.1.0",
    "wanted": {
      "dependentId": "drizzle-typebox",
      "name": "cpy",
      "rawSpec": "^10.1.0"
    }
  },
  "134 debug pnpm:fetching-progress": {
    "attempt": 1,
    "packageId": "registry.npmjs.org/@rollup/plugin-typescript/11.1.6",
    "size": 34918,
    "status": "started"
  },
  "135 error pnpm": {
    "code": "ERR_PNPM_NO_IMPORTER_MANIFEST_FOUND",
    "pkgsStack": [],
    "err": {
      "name": "Error",
      "message": "No package.json (or package.yaml, or package.json5) was found in \"/archive/shared/projects/runtime-js/drizzle-txiki-module/drizzle-orm/dist\".",
      "code": "ERR_PNPM_NO_IMPORTER_MANIFEST_FOUND",
      "stack": "Error: No package.json (or package.yaml, or package.json5) was found in \"/archive/shared/projects/runtime-js/drizzle-txiki-module/drizzle-orm/dist\".\n    at readProjectManifest (/home/migration/.node/corepack/pnpm/6.11.0/dist/pnpm.cjs:40283:13)\n    at async Object.readProjectManifestOnly (/home/migration/.node/corepack/pnpm/6.11.0/dist/pnpm.cjs:40287:28)\n    at async Object.resolveLocal [as default] (/home/migration/.node/corepack/pnpm/6.11.0/dist/pnpm.cjs:79056:35)\n    at async Object.resolve (/home/migration/.node/corepack/pnpm/6.11.0/dist/pnpm.cjs:79961:309)\n    at async run (/home/migration/.node/corepack/pnpm/6.11.0/dist/pnpm.cjs:66046:23)"
    }
  }
}